{"/Users/furthur/Lectrum/intensives/redux-intensive-boilerplate/source/bus/auth/actions.js": {"path":"/Users/furthur/Lectrum/intensives/redux-intensive-boilerplate/source/bus/auth/actions.js","statementMap":{"0":{"start":{"line":4,"column":27},"end":{"line":14,"column":2}},"1":{"start":{"line":5,"column":23},"end":{"line":7,"column":5}},"2":{"start":{"line":8,"column":25},"end":{"line":10,"column":5}},"3":{"start":{"line":11,"column":19},"end":{"line":13,"column":5}}},"fnMap":{"0":{"name":"(anonymous_0)","decl":{"start":{"line":5,"column":16},"end":{"line":5,"column":17}},"loc":{"start":{"line":5,"column":23},"end":{"line":7,"column":5}},"line":5},"1":{"name":"(anonymous_1)","decl":{"start":{"line":8,"column":18},"end":{"line":8,"column":19}},"loc":{"start":{"line":8,"column":25},"end":{"line":10,"column":5}},"line":8},"2":{"name":"(anonymous_2)","decl":{"start":{"line":11,"column":12},"end":{"line":11,"column":13}},"loc":{"start":{"line":11,"column":19},"end":{"line":13,"column":5}},"line":11}},"branchMap":{},"s":{"0":6,"1":9,"2":6,"3":2},"f":{"0":9,"1":6,"2":2},"b":{},"_coverageSchema":"332fd63041d2c1bcb487cc26dd0d5f7d97098a6c","hash":"d70dc2a22f10d90883df4ed0d42e3a7410fb551b"}
,"/Users/furthur/Lectrum/intensives/redux-intensive-boilerplate/source/bus/auth/reducer.js": {"path":"/Users/furthur/Lectrum/intensives/redux-intensive-boilerplate/source/bus/auth/reducer.js","statementMap":{"0":{"start":{"line":7,"column":21},"end":{"line":10,"column":2}},"1":{"start":{"line":12,"column":27},"end":{"line":26,"column":1}},"2":{"start":{"line":13,"column":4},"end":{"line":25,"column":5}},"3":{"start":{"line":15,"column":12},"end":{"line":15,"column":52}},"4":{"start":{"line":18,"column":12},"end":{"line":18,"column":54}},"5":{"start":{"line":21,"column":12},"end":{"line":21,"column":55}},"6":{"start":{"line":24,"column":12},"end":{"line":24,"column":25}}},"fnMap":{"0":{"name":"(anonymous_0)","decl":{"start":{"line":12,"column":27},"end":{"line":12,"column":28}},"loc":{"start":{"line":12,"column":61},"end":{"line":26,"column":1}},"line":12}},"branchMap":{"0":{"loc":{"start":{"line":12,"column":28},"end":{"line":12,"column":48}},"type":"default-arg","locations":[{"start":{"line":12,"column":36},"end":{"line":12,"column":48}}],"line":12},"1":{"loc":{"start":{"line":13,"column":4},"end":{"line":25,"column":5}},"type":"switch","locations":[{"start":{"line":14,"column":8},"end":{"line":15,"column":52}},{"start":{"line":17,"column":8},"end":{"line":18,"column":54}},{"start":{"line":20,"column":8},"end":{"line":21,"column":55}},{"start":{"line":23,"column":8},"end":{"line":24,"column":25}}],"line":13}},"s":{"0":2,"1":2,"2":7,"3":1,"4":1,"5":1,"6":4},"f":{"0":7},"b":{"0":[6],"1":[1,1,1,4]},"_coverageSchema":"332fd63041d2c1bcb487cc26dd0d5f7d97098a6c","hash":"ea1fa2a43ee3e03ab4c8a74bf8f96f61bd603d62"}
,"/Users/furthur/Lectrum/intensives/redux-intensive-boilerplate/source/bus/auth/types.js": {"path":"/Users/furthur/Lectrum/intensives/redux-intensive-boilerplate/source/bus/auth/types.js","statementMap":{"0":{"start":{"line":2,"column":21},"end":{"line":6,"column":2}}},"fnMap":{},"branchMap":{},"s":{"0":6},"f":{},"b":{},"_coverageSchema":"332fd63041d2c1bcb487cc26dd0d5f7d97098a6c","hash":"ea7972de9939fa278b5b8ff76370a3f71de4f405"}
,"/Users/furthur/Lectrum/intensives/redux-intensive-boilerplate/source/bus/auth/saga/asyncActions.js": {"path":"/Users/furthur/Lectrum/intensives/redux-intensive-boilerplate/source/bus/auth/saga/asyncActions.js","statementMap":{"0":{"start":{"line":4,"column":32},"end":{"line":22,"column":2}},"1":{"start":{"line":5,"column":28},"end":{"line":7,"column":5}},"2":{"start":{"line":8,"column":34},"end":{"line":11,"column":5}},"3":{"start":{"line":12,"column":30},"end":{"line":14,"column":5}},"4":{"start":{"line":15,"column":32},"end":{"line":18,"column":5}},"5":{"start":{"line":19,"column":24},"end":{"line":21,"column":5}}},"fnMap":{"0":{"name":"(anonymous_0)","decl":{"start":{"line":5,"column":21},"end":{"line":5,"column":22}},"loc":{"start":{"line":5,"column":28},"end":{"line":7,"column":5}},"line":5},"1":{"name":"(anonymous_1)","decl":{"start":{"line":8,"column":16},"end":{"line":8,"column":17}},"loc":{"start":{"line":8,"column":34},"end":{"line":11,"column":5}},"line":8},"2":{"name":"(anonymous_2)","decl":{"start":{"line":12,"column":23},"end":{"line":12,"column":24}},"loc":{"start":{"line":12,"column":30},"end":{"line":14,"column":5}},"line":12},"3":{"name":"(anonymous_3)","decl":{"start":{"line":15,"column":17},"end":{"line":15,"column":18}},"loc":{"start":{"line":15,"column":32},"end":{"line":18,"column":5}},"line":15},"4":{"name":"(anonymous_4)","decl":{"start":{"line":19,"column":17},"end":{"line":19,"column":18}},"loc":{"start":{"line":19,"column":24},"end":{"line":21,"column":5}},"line":19}},"branchMap":{},"s":{"0":5,"1":1,"2":2,"3":3,"4":1,"5":1},"f":{"0":1,"1":2,"2":3,"3":1,"4":1},"b":{},"_coverageSchema":"332fd63041d2c1bcb487cc26dd0d5f7d97098a6c","hash":"b454cf7391db85c8d776685a9384e364ea0d93c4"}
,"/Users/furthur/Lectrum/intensives/redux-intensive-boilerplate/source/bus/auth/saga/asyncTypes.js": {"path":"/Users/furthur/Lectrum/intensives/redux-intensive-boilerplate/source/bus/auth/saga/asyncTypes.js","statementMap":{"0":{"start":{"line":1,"column":26},"end":{"line":7,"column":2}}},"fnMap":{},"branchMap":{},"s":{"0":5},"f":{},"b":{},"_coverageSchema":"332fd63041d2c1bcb487cc26dd0d5f7d97098a6c","hash":"03bdacc08121772e9b27e8e94fb3dab3c6aa9f3a"}
,"/Users/furthur/Lectrum/intensives/redux-intensive-boilerplate/source/bus/auth/saga/watchers.js": {"path":"/Users/furthur/Lectrum/intensives/redux-intensive-boilerplate/source/bus/auth/saga/watchers.js","statementMap":{"0":{"start":{"line":15,"column":4},"end":{"line":15,"column":71}},"1":{"start":{"line":18,"column":4},"end":{"line":18,"column":61}},"2":{"start":{"line":21,"column":4},"end":{"line":21,"column":75}},"3":{"start":{"line":24,"column":4},"end":{"line":24,"column":63}},"4":{"start":{"line":27,"column":4},"end":{"line":27,"column":63}},"5":{"start":{"line":31,"column":4},"end":{"line":37,"column":7}}},"fnMap":{"0":{"name":"watchInitialize","decl":{"start":{"line":14,"column":10},"end":{"line":14,"column":25}},"loc":{"start":{"line":14,"column":29},"end":{"line":16,"column":1}},"line":14},"1":{"name":"watchLogin","decl":{"start":{"line":17,"column":10},"end":{"line":17,"column":20}},"loc":{"start":{"line":17,"column":24},"end":{"line":19,"column":1}},"line":17},"2":{"name":"watchAuthenticate","decl":{"start":{"line":20,"column":10},"end":{"line":20,"column":27}},"loc":{"start":{"line":20,"column":31},"end":{"line":22,"column":1}},"line":20},"3":{"name":"watchSignup","decl":{"start":{"line":23,"column":10},"end":{"line":23,"column":21}},"loc":{"start":{"line":23,"column":25},"end":{"line":25,"column":1}},"line":23},"4":{"name":"watchLogout","decl":{"start":{"line":26,"column":10},"end":{"line":26,"column":21}},"loc":{"start":{"line":26,"column":25},"end":{"line":28,"column":1}},"line":26},"5":{"name":"watchAuth","decl":{"start":{"line":30,"column":17},"end":{"line":30,"column":26}},"loc":{"start":{"line":30,"column":30},"end":{"line":38,"column":1}},"line":30}},"branchMap":{},"s":{"0":1,"1":1,"2":1,"3":1,"4":1,"5":1},"f":{"0":1,"1":1,"2":1,"3":1,"4":1,"5":1},"b":{},"_coverageSchema":"332fd63041d2c1bcb487cc26dd0d5f7d97098a6c","hash":"625e9344d6f1afd3158475a6d0a2965a66d23f61"}
,"/Users/furthur/Lectrum/intensives/redux-intensive-boilerplate/source/bus/auth/saga/workers/authenticate.js": {"path":"/Users/furthur/Lectrum/intensives/redux-intensive-boilerplate/source/bus/auth/saga/workers/authenticate.js","statementMap":{"0":{"start":{"line":12,"column":4},"end":{"line":41,"column":5}},"1":{"start":{"line":13,"column":8},"end":{"line":13,"column":52}},"2":{"start":{"line":15,"column":25},"end":{"line":15,"column":64}},"3":{"start":{"line":17,"column":43},"end":{"line":17,"column":79}},"4":{"start":{"line":19,"column":8},"end":{"line":26,"column":9}},"5":{"start":{"line":20,"column":12},"end":{"line":24,"column":13}},"6":{"start":{"line":21,"column":16},"end":{"line":21,"column":78}},"7":{"start":{"line":23,"column":16},"end":{"line":23,"column":28}},"8":{"start":{"line":25,"column":12},"end":{"line":25,"column":37}},"9":{"start":{"line":28,"column":8},"end":{"line":30,"column":10}},"10":{"start":{"line":31,"column":8},"end":{"line":33,"column":10}},"11":{"start":{"line":34,"column":8},"end":{"line":34,"column":55}},"12":{"start":{"line":35,"column":8},"end":{"line":35,"column":46}},"13":{"start":{"line":37,"column":8},"end":{"line":37,"column":69}},"14":{"start":{"line":39,"column":8},"end":{"line":39,"column":44}},"15":{"start":{"line":40,"column":8},"end":{"line":40,"column":53}}},"fnMap":{"0":{"name":"callAuthenticateWorker","decl":{"start":{"line":11,"column":17},"end":{"line":11,"column":39}},"loc":{"start":{"line":11,"column":43},"end":{"line":42,"column":1}},"line":11}},"branchMap":{"0":{"loc":{"start":{"line":19,"column":8},"end":{"line":26,"column":9}},"type":"if","locations":[{"start":{"line":19,"column":8},"end":{"line":26,"column":9}},{"start":{"line":19,"column":8},"end":{"line":26,"column":9}}],"line":19},"1":{"loc":{"start":{"line":20,"column":12},"end":{"line":24,"column":13}},"type":"if","locations":[{"start":{"line":20,"column":12},"end":{"line":24,"column":13}},{"start":{"line":20,"column":12},"end":{"line":24,"column":13}}],"line":20}},"s":{"0":3,"1":3,"2":3,"3":3,"4":3,"5":2,"6":1,"7":1,"8":1,"9":1,"10":1,"11":1,"12":1,"13":1,"14":3,"15":3},"f":{"0":3},"b":{"0":[2,1],"1":[1,1]},"_coverageSchema":"332fd63041d2c1bcb487cc26dd0d5f7d97098a6c","hash":"62c19fafee6ec57c89def12cf9f77820f108dd76"}
,"/Users/furthur/Lectrum/intensives/redux-intensive-boilerplate/source/bus/auth/saga/workers/initialize.js": {"path":"/Users/furthur/Lectrum/intensives/redux-intensive-boilerplate/source/bus/auth/saga/workers/initialize.js","statementMap":{"0":{"start":{"line":9,"column":21},"end":{"line":11,"column":6}},"1":{"start":{"line":12,"column":18},"end":{"line":12,"column":76}},"2":{"start":{"line":14,"column":4},"end":{"line":18,"column":5}},"3":{"start":{"line":15,"column":8},"end":{"line":15,"column":56}},"4":{"start":{"line":17,"column":8},"end":{"line":17,"column":20}},"5":{"start":{"line":20,"column":4},"end":{"line":20,"column":40}}},"fnMap":{"0":{"name":"callInitializeWorker","decl":{"start":{"line":8,"column":17},"end":{"line":8,"column":37}},"loc":{"start":{"line":8,"column":41},"end":{"line":21,"column":1}},"line":8}},"branchMap":{"0":{"loc":{"start":{"line":14,"column":4},"end":{"line":18,"column":5}},"type":"if","locations":[{"start":{"line":14,"column":4},"end":{"line":18,"column":5}},{"start":{"line":14,"column":4},"end":{"line":18,"column":5}}],"line":14},"1":{"loc":{"start":{"line":14,"column":8},"end":{"line":14,"column":25}},"type":"binary-expr","locations":[{"start":{"line":14,"column":8},"end":{"line":14,"column":16}},{"start":{"line":14,"column":20},"end":{"line":14,"column":25}}],"line":14}},"s":{"0":2,"1":2,"2":2,"3":1,"4":1,"5":1},"f":{"0":2},"b":{"0":[1,1],"1":[2,1]},"_coverageSchema":"332fd63041d2c1bcb487cc26dd0d5f7d97098a6c","hash":"6584e2785da547778f238d35c4df7863f9df228b"}
,"/Users/furthur/Lectrum/intensives/redux-intensive-boilerplate/source/bus/auth/saga/workers/login.js": {"path":"/Users/furthur/Lectrum/intensives/redux-intensive-boilerplate/source/bus/auth/saga/workers/login.js","statementMap":{"0":{"start":{"line":12,"column":4},"end":{"line":47,"column":5}},"1":{"start":{"line":13,"column":8},"end":{"line":13,"column":52}},"2":{"start":{"line":15,"column":25},"end":{"line":15,"column":72}},"3":{"start":{"line":17,"column":43},"end":{"line":17,"column":79}},"4":{"start":{"line":19,"column":8},"end":{"line":21,"column":9}},"5":{"start":{"line":20,"column":12},"end":{"line":20,"column":37}},"6":{"start":{"line":23,"column":8},"end":{"line":25,"column":9}},"7":{"start":{"line":24,"column":12},"end":{"line":24,"column":80}},"8":{"start":{"line":27,"column":8},"end":{"line":30,"column":11}},"9":{"start":{"line":32,"column":8},"end":{"line":32,"column":55}},"10":{"start":{"line":34,"column":8},"end":{"line":36,"column":10}},"11":{"start":{"line":37,"column":8},"end":{"line":39,"column":10}},"12":{"start":{"line":40,"column":8},"end":{"line":40,"column":46}},"13":{"start":{"line":41,"column":8},"end":{"line":41,"column":48}},"14":{"start":{"line":42,"column":8},"end":{"line":42,"column":67}},"15":{"start":{"line":44,"column":8},"end":{"line":44,"column":62}},"16":{"start":{"line":46,"column":8},"end":{"line":46,"column":53}}},"fnMap":{"0":{"name":"callLoginWorker","decl":{"start":{"line":11,"column":17},"end":{"line":11,"column":32}},"loc":{"start":{"line":11,"column":60},"end":{"line":48,"column":1}},"line":11}},"branchMap":{"0":{"loc":{"start":{"line":19,"column":8},"end":{"line":21,"column":9}},"type":"if","locations":[{"start":{"line":19,"column":8},"end":{"line":21,"column":9}},{"start":{"line":19,"column":8},"end":{"line":21,"column":9}}],"line":19},"1":{"loc":{"start":{"line":23,"column":8},"end":{"line":25,"column":9}},"type":"if","locations":[{"start":{"line":23,"column":8},"end":{"line":25,"column":9}},{"start":{"line":23,"column":8},"end":{"line":25,"column":9}}],"line":23}},"s":{"0":2,"1":2,"2":2,"3":2,"4":2,"5":1,"6":1,"7":1,"8":1,"9":1,"10":1,"11":1,"12":1,"13":1,"14":1,"15":1,"16":2},"f":{"0":2},"b":{"0":[1,1],"1":[1,0]},"_coverageSchema":"332fd63041d2c1bcb487cc26dd0d5f7d97098a6c","hash":"4dc84814f34382d250a5345b5c18027b55036860"}
,"/Users/furthur/Lectrum/intensives/redux-intensive-boilerplate/source/bus/auth/saga/workers/logout.js": {"path":"/Users/furthur/Lectrum/intensives/redux-intensive-boilerplate/source/bus/auth/saga/workers/logout.js","statementMap":{"0":{"start":{"line":16,"column":4},"end":{"line":39,"column":5}},"1":{"start":{"line":17,"column":8},"end":{"line":17,"column":52}},"2":{"start":{"line":19,"column":25},"end":{"line":19,"column":58}},"3":{"start":{"line":21,"column":8},"end":{"line":25,"column":9}},"4":{"start":{"line":22,"column":32},"end":{"line":22,"column":68}},"5":{"start":{"line":24,"column":12},"end":{"line":24,"column":37}},"6":{"start":{"line":27,"column":8},"end":{"line":27,"column":40}},"7":{"start":{"line":29,"column":8},"end":{"line":29,"column":63}},"8":{"start":{"line":31,"column":8},"end":{"line":31,"column":70}},"9":{"start":{"line":32,"column":8},"end":{"line":32,"column":73}},"10":{"start":{"line":33,"column":8},"end":{"line":33,"column":39}},"11":{"start":{"line":34,"column":8},"end":{"line":34,"column":49}},"12":{"start":{"line":35,"column":8},"end":{"line":35,"column":45}},"13":{"start":{"line":36,"column":8},"end":{"line":36,"column":45}},"14":{"start":{"line":37,"column":8},"end":{"line":37,"column":47}},"15":{"start":{"line":38,"column":8},"end":{"line":38,"column":53}}},"fnMap":{"0":{"name":"callLogoutWorker","decl":{"start":{"line":15,"column":17},"end":{"line":15,"column":33}},"loc":{"start":{"line":15,"column":37},"end":{"line":40,"column":1}},"line":15}},"branchMap":{"0":{"loc":{"start":{"line":21,"column":8},"end":{"line":25,"column":9}},"type":"if","locations":[{"start":{"line":21,"column":8},"end":{"line":25,"column":9}},{"start":{"line":21,"column":8},"end":{"line":25,"column":9}}],"line":21}},"s":{"0":0,"1":0,"2":0,"3":0,"4":0,"5":0,"6":0,"7":0,"8":0,"9":0,"10":0,"11":0,"12":0,"13":0,"14":0,"15":0},"f":{"0":0},"b":{"0":[0,0]},"_coverageSchema":"332fd63041d2c1bcb487cc26dd0d5f7d97098a6c","hash":"0b57df9b0a23bac1d9b3cb295795914cc5832280"}
,"/Users/furthur/Lectrum/intensives/redux-intensive-boilerplate/source/bus/auth/saga/workers/signup.js": {"path":"/Users/furthur/Lectrum/intensives/redux-intensive-boilerplate/source/bus/auth/saga/workers/signup.js","statementMap":{"0":{"start":{"line":12,"column":4},"end":{"line":41,"column":5}},"1":{"start":{"line":13,"column":8},"end":{"line":13,"column":52}},"2":{"start":{"line":15,"column":25},"end":{"line":15,"column":70}},"3":{"start":{"line":17,"column":43},"end":{"line":17,"column":79}},"4":{"start":{"line":19,"column":8},"end":{"line":21,"column":9}},"5":{"start":{"line":20,"column":12},"end":{"line":20,"column":37}},"6":{"start":{"line":23,"column":8},"end":{"line":26,"column":11}},"7":{"start":{"line":28,"column":8},"end":{"line":28,"column":55}},"8":{"start":{"line":29,"column":8},"end":{"line":31,"column":10}},"9":{"start":{"line":32,"column":8},"end":{"line":34,"column":10}},"10":{"start":{"line":35,"column":8},"end":{"line":35,"column":46}},"11":{"start":{"line":36,"column":8},"end":{"line":36,"column":49}},"12":{"start":{"line":38,"column":8},"end":{"line":38,"column":63}},"13":{"start":{"line":40,"column":8},"end":{"line":40,"column":53}}},"fnMap":{"0":{"name":"callSignupWorker","decl":{"start":{"line":11,"column":17},"end":{"line":11,"column":33}},"loc":{"start":{"line":11,"column":58},"end":{"line":42,"column":1}},"line":11}},"branchMap":{"0":{"loc":{"start":{"line":19,"column":8},"end":{"line":21,"column":9}},"type":"if","locations":[{"start":{"line":19,"column":8},"end":{"line":21,"column":9}},{"start":{"line":19,"column":8},"end":{"line":21,"column":9}}],"line":19}},"s":{"0":0,"1":0,"2":0,"3":0,"4":0,"5":0,"6":0,"7":0,"8":0,"9":0,"10":0,"11":0,"12":0,"13":0},"f":{"0":0},"b":{"0":[0,0]},"_coverageSchema":"332fd63041d2c1bcb487cc26dd0d5f7d97098a6c","hash":"d47cca871b476f20969c82873737171ee36f17ab"}
,"/Users/furthur/Lectrum/intensives/redux-intensive-boilerplate/source/bus/profile/actions.js": {"path":"/Users/furthur/Lectrum/intensives/redux-intensive-boilerplate/source/bus/profile/actions.js","statementMap":{"0":{"start":{"line":4,"column":30},"end":{"line":16,"column":2}},"1":{"start":{"line":5,"column":28},"end":{"line":8,"column":5}},"2":{"start":{"line":9,"column":34},"end":{"line":12,"column":5}},"3":{"start":{"line":13,"column":25},"end":{"line":15,"column":5}}},"fnMap":{"0":{"name":"(anonymous_0)","decl":{"start":{"line":5,"column":17},"end":{"line":5,"column":18}},"loc":{"start":{"line":5,"column":28},"end":{"line":8,"column":5}},"line":5},"1":{"name":"(anonymous_1)","decl":{"start":{"line":9,"column":18},"end":{"line":9,"column":19}},"loc":{"start":{"line":9,"column":34},"end":{"line":12,"column":5}},"line":9},"2":{"name":"(anonymous_2)","decl":{"start":{"line":13,"column":18},"end":{"line":13,"column":19}},"loc":{"start":{"line":13,"column":25},"end":{"line":15,"column":5}},"line":13}},"branchMap":{},"s":{"0":5,"1":6,"2":2,"3":2},"f":{"0":6,"1":2,"2":2},"b":{},"_coverageSchema":"332fd63041d2c1bcb487cc26dd0d5f7d97098a6c","hash":"d2c387f55d94854f727fbe4c00f93a075f1a1ce8"}
,"/Users/furthur/Lectrum/intensives/redux-intensive-boilerplate/source/bus/profile/reducer.js": {"path":"/Users/furthur/Lectrum/intensives/redux-intensive-boilerplate/source/bus/profile/reducer.js","statementMap":{"0":{"start":{"line":7,"column":21},"end":{"line":12,"column":2}},"1":{"start":{"line":14,"column":30},"end":{"line":28,"column":1}},"2":{"start":{"line":15,"column":4},"end":{"line":27,"column":5}},"3":{"start":{"line":17,"column":12},"end":{"line":17,"column":47}},"4":{"start":{"line":20,"column":12},"end":{"line":20,"column":55}},"5":{"start":{"line":23,"column":12},"end":{"line":23,"column":33}},"6":{"start":{"line":26,"column":12},"end":{"line":26,"column":25}}},"fnMap":{"0":{"name":"(anonymous_0)","decl":{"start":{"line":14,"column":30},"end":{"line":14,"column":31}},"loc":{"start":{"line":14,"column":64},"end":{"line":28,"column":1}},"line":14}},"branchMap":{"0":{"loc":{"start":{"line":14,"column":31},"end":{"line":14,"column":51}},"type":"default-arg","locations":[{"start":{"line":14,"column":39},"end":{"line":14,"column":51}}],"line":14},"1":{"loc":{"start":{"line":15,"column":4},"end":{"line":27,"column":5}},"type":"switch","locations":[{"start":{"line":16,"column":8},"end":{"line":17,"column":47}},{"start":{"line":19,"column":8},"end":{"line":20,"column":55}},{"start":{"line":22,"column":8},"end":{"line":23,"column":33}},{"start":{"line":25,"column":8},"end":{"line":26,"column":25}}],"line":15}},"s":{"0":2,"1":2,"2":7,"3":1,"4":1,"5":1,"6":4},"f":{"0":7},"b":{"0":[6],"1":[1,1,1,4]},"_coverageSchema":"332fd63041d2c1bcb487cc26dd0d5f7d97098a6c","hash":"9cec50453c5f34d7f425bcdf1879e7a2675e1cd3"}
,"/Users/furthur/Lectrum/intensives/redux-intensive-boilerplate/source/bus/profile/types.js": {"path":"/Users/furthur/Lectrum/intensives/redux-intensive-boilerplate/source/bus/profile/types.js","statementMap":{"0":{"start":{"line":2,"column":21},"end":{"line":6,"column":2}}},"fnMap":{},"branchMap":{},"s":{"0":5},"f":{},"b":{},"_coverageSchema":"332fd63041d2c1bcb487cc26dd0d5f7d97098a6c","hash":"7587983ba2e0be4bea61d2c8c6629317579d4d24"}
,"/Users/furthur/Lectrum/intensives/redux-intensive-boilerplate/source/bus/profile/saga/asyncActions.js": {"path":"/Users/furthur/Lectrum/intensives/redux-intensive-boilerplate/source/bus/profile/saga/asyncActions.js","statementMap":{"0":{"start":{"line":4,"column":35},"end":{"line":17,"column":2}},"1":{"start":{"line":5,"column":35},"end":{"line":8,"column":5}},"2":{"start":{"line":9,"column":36},"end":{"line":12,"column":5}},"3":{"start":{"line":13,"column":43},"end":{"line":16,"column":5}}},"fnMap":{"0":{"name":"(anonymous_0)","decl":{"start":{"line":5,"column":21},"end":{"line":5,"column":22}},"loc":{"start":{"line":5,"column":35},"end":{"line":8,"column":5}},"line":5},"1":{"name":"(anonymous_1)","decl":{"start":{"line":9,"column":23},"end":{"line":9,"column":24}},"loc":{"start":{"line":9,"column":36},"end":{"line":12,"column":5}},"line":9},"2":{"name":"(anonymous_2)","decl":{"start":{"line":13,"column":25},"end":{"line":13,"column":26}},"loc":{"start":{"line":13,"column":43},"end":{"line":16,"column":5}},"line":13}},"branchMap":{},"s":{"0":1,"1":1,"2":1,"3":1},"f":{"0":1,"1":1,"2":1},"b":{},"_coverageSchema":"332fd63041d2c1bcb487cc26dd0d5f7d97098a6c","hash":"b433934e82a8fd32924fa35d4644336f51a59bdd"}
,"/Users/furthur/Lectrum/intensives/redux-intensive-boilerplate/source/bus/profile/saga/asyncTypes.js": {"path":"/Users/furthur/Lectrum/intensives/redux-intensive-boilerplate/source/bus/profile/saga/asyncTypes.js","statementMap":{"0":{"start":{"line":2,"column":26},"end":{"line":6,"column":2}}},"fnMap":{},"branchMap":{},"s":{"0":2},"f":{},"b":{},"_coverageSchema":"332fd63041d2c1bcb487cc26dd0d5f7d97098a6c","hash":"040f39f1f0ab342a8628a2b257aff77679511e09"}
,"/Users/furthur/Lectrum/intensives/redux-intensive-boilerplate/source/bus/profile/saga/watchers.js": {"path":"/Users/furthur/Lectrum/intensives/redux-intensive-boilerplate/source/bus/profile/saga/watchers.js","statementMap":{"0":{"start":{"line":11,"column":4},"end":{"line":11,"column":72}},"1":{"start":{"line":14,"column":4},"end":{"line":14,"column":76}},"2":{"start":{"line":17,"column":4},"end":{"line":17,"column":80}},"3":{"start":{"line":21,"column":4},"end":{"line":21,"column":79}}},"fnMap":{"0":{"name":"watchUpdateName","decl":{"start":{"line":10,"column":10},"end":{"line":10,"column":25}},"loc":{"start":{"line":10,"column":29},"end":{"line":12,"column":1}},"line":10},"1":{"name":"watchUpdateAvatar","decl":{"start":{"line":13,"column":10},"end":{"line":13,"column":27}},"loc":{"start":{"line":13,"column":31},"end":{"line":15,"column":1}},"line":13},"2":{"name":"watchChangePassword","decl":{"start":{"line":16,"column":10},"end":{"line":16,"column":29}},"loc":{"start":{"line":16,"column":33},"end":{"line":18,"column":1}},"line":16},"3":{"name":"watchProfile","decl":{"start":{"line":20,"column":17},"end":{"line":20,"column":29}},"loc":{"start":{"line":20,"column":33},"end":{"line":22,"column":1}},"line":20}},"branchMap":{},"s":{"0":1,"1":1,"2":1,"3":1},"f":{"0":1,"1":1,"2":1,"3":1},"b":{},"_coverageSchema":"332fd63041d2c1bcb487cc26dd0d5f7d97098a6c","hash":"96d9626aaf2dec3eb41998c3dbf9831b4d073662"}
,"/Users/furthur/Lectrum/intensives/redux-intensive-boilerplate/source/bus/profile/saga/workers/changePassword.js": {"path":"/Users/furthur/Lectrum/intensives/redux-intensive-boilerplate/source/bus/profile/saga/workers/changePassword.js","statementMap":{"0":{"start":{"line":12,"column":4},"end":{"line":34,"column":5}},"1":{"start":{"line":13,"column":8},"end":{"line":13,"column":52}},"2":{"start":{"line":15,"column":25},"end":{"line":20,"column":10}},"3":{"start":{"line":22,"column":28},"end":{"line":22,"column":64}},"4":{"start":{"line":24,"column":8},"end":{"line":26,"column":9}},"5":{"start":{"line":25,"column":12},"end":{"line":25,"column":37}},"6":{"start":{"line":28,"column":8},"end":{"line":28,"column":56}},"7":{"start":{"line":29,"column":8},"end":{"line":29,"column":72}},"8":{"start":{"line":31,"column":8},"end":{"line":31,"column":71}},"9":{"start":{"line":33,"column":8},"end":{"line":33,"column":53}}},"fnMap":{"0":{"name":"callChangePasswordWorker","decl":{"start":{"line":9,"column":17},"end":{"line":9,"column":41}},"loc":{"start":{"line":11,"column":3},"end":{"line":35,"column":1}},"line":11}},"branchMap":{"0":{"loc":{"start":{"line":24,"column":8},"end":{"line":26,"column":9}},"type":"if","locations":[{"start":{"line":24,"column":8},"end":{"line":26,"column":9}},{"start":{"line":24,"column":8},"end":{"line":26,"column":9}}],"line":24}},"s":{"0":0,"1":0,"2":0,"3":0,"4":0,"5":0,"6":0,"7":0,"8":0,"9":0},"f":{"0":0},"b":{"0":[0,0]},"_coverageSchema":"332fd63041d2c1bcb487cc26dd0d5f7d97098a6c","hash":"5768b2d01970f00a751ce3b5eda52cd76d9d7813"}
,"/Users/furthur/Lectrum/intensives/redux-intensive-boilerplate/source/bus/profile/saga/workers/updateAvatar.js": {"path":"/Users/furthur/Lectrum/intensives/redux-intensive-boilerplate/source/bus/profile/saga/workers/updateAvatar.js","statementMap":{"0":{"start":{"line":12,"column":4},"end":{"line":39,"column":5}},"1":{"start":{"line":13,"column":8},"end":{"line":13,"column":52}},"2":{"start":{"line":15,"column":31},"end":{"line":15,"column":51}},"3":{"start":{"line":17,"column":8},"end":{"line":17,"column":79}},"4":{"start":{"line":19,"column":25},"end":{"line":21,"column":10}},"5":{"start":{"line":26,"column":12},"end":{"line":26,"column":48}},"6":{"start":{"line":28,"column":8},"end":{"line":30,"column":9}},"7":{"start":{"line":29,"column":12},"end":{"line":29,"column":37}},"8":{"start":{"line":32,"column":8},"end":{"line":32,"column":26}},"9":{"start":{"line":33,"column":8},"end":{"line":33,"column":58}},"10":{"start":{"line":34,"column":8},"end":{"line":34,"column":62}},"11":{"start":{"line":36,"column":8},"end":{"line":36,"column":70}},"12":{"start":{"line":38,"column":8},"end":{"line":38,"column":53}}},"fnMap":{"0":{"name":"callUpdateAvatarWorker","decl":{"start":{"line":11,"column":17},"end":{"line":11,"column":39}},"loc":{"start":{"line":11,"column":64},"end":{"line":40,"column":1}},"line":11}},"branchMap":{"0":{"loc":{"start":{"line":28,"column":8},"end":{"line":30,"column":9}},"type":"if","locations":[{"start":{"line":28,"column":8},"end":{"line":30,"column":9}},{"start":{"line":28,"column":8},"end":{"line":30,"column":9}}],"line":28}},"s":{"0":0,"1":0,"2":0,"3":0,"4":0,"5":0,"6":0,"7":0,"8":0,"9":0,"10":0,"11":0,"12":0},"f":{"0":0},"b":{"0":[0,0]},"_coverageSchema":"332fd63041d2c1bcb487cc26dd0d5f7d97098a6c","hash":"7f3ab0b2e96bda2927538f0dfb67ca143a2cb7d1"}
,"/Users/furthur/Lectrum/intensives/redux-intensive-boilerplate/source/bus/profile/saga/workers/updateName.js": {"path":"/Users/furthur/Lectrum/intensives/redux-intensive-boilerplate/source/bus/profile/saga/workers/updateName.js","statementMap":{"0":{"start":{"line":10,"column":4},"end":{"line":34,"column":5}},"1":{"start":{"line":11,"column":8},"end":{"line":11,"column":52}},"2":{"start":{"line":13,"column":25},"end":{"line":18,"column":10}},"3":{"start":{"line":20,"column":47},"end":{"line":23,"column":9}},"4":{"start":{"line":25,"column":8},"end":{"line":27,"column":9}},"5":{"start":{"line":26,"column":12},"end":{"line":26,"column":37}},"6":{"start":{"line":29,"column":8},"end":{"line":29,"column":59}},"7":{"start":{"line":31,"column":8},"end":{"line":31,"column":71}},"8":{"start":{"line":33,"column":8},"end":{"line":33,"column":53}}},"fnMap":{"0":{"name":"callUpdateNameWorker","decl":{"start":{"line":9,"column":17},"end":{"line":9,"column":37}},"loc":{"start":{"line":9,"column":76},"end":{"line":35,"column":1}},"line":9}},"branchMap":{"0":{"loc":{"start":{"line":25,"column":8},"end":{"line":27,"column":9}},"type":"if","locations":[{"start":{"line":25,"column":8},"end":{"line":27,"column":9}},{"start":{"line":25,"column":8},"end":{"line":27,"column":9}}],"line":25}},"s":{"0":0,"1":0,"2":0,"3":0,"4":0,"5":0,"6":0,"7":0,"8":0},"f":{"0":0},"b":{"0":[0,0]},"_coverageSchema":"332fd63041d2c1bcb487cc26dd0d5f7d97098a6c","hash":"621e5e257961417119be093200d60eb457f1c719"}
,"/Users/furthur/Lectrum/intensives/redux-intensive-boilerplate/source/bus/ui/actions.js": {"path":"/Users/furthur/Lectrum/intensives/redux-intensive-boilerplate/source/bus/ui/actions.js","statementMap":{"0":{"start":{"line":7,"column":25},"end":{"line":34,"column":2}},"1":{"start":{"line":8,"column":34},"end":{"line":11,"column":5}},"2":{"start":{"line":12,"column":40},"end":{"line":17,"column":5}},"3":{"start":{"line":18,"column":64},"end":{"line":26,"column":5}},"4":{"start":{"line":27,"column":29},"end":{"line":29,"column":5}},"5":{"start":{"line":30,"column":32},"end":{"line":33,"column":5}}},"fnMap":{"0":{"name":"(anonymous_0)","decl":{"start":{"line":8,"column":22},"end":{"line":8,"column":23}},"loc":{"start":{"line":8,"column":34},"end":{"line":11,"column":5}},"line":8},"1":{"name":"(anonymous_1)","decl":{"start":{"line":12,"column":15},"end":{"line":12,"column":16}},"loc":{"start":{"line":12,"column":40},"end":{"line":17,"column":5}},"line":12},"2":{"name":"(anonymous_2)","decl":{"start":{"line":18,"column":22},"end":{"line":18,"column":23}},"loc":{"start":{"line":18,"column":64},"end":{"line":26,"column":5}},"line":18},"3":{"name":"(anonymous_3)","decl":{"start":{"line":27,"column":22},"end":{"line":27,"column":23}},"loc":{"start":{"line":27,"column":29},"end":{"line":29,"column":5}},"line":27},"4":{"name":"(anonymous_4)","decl":{"start":{"line":30,"column":20},"end":{"line":30,"column":21}},"loc":{"start":{"line":30,"column":32},"end":{"line":33,"column":5}},"line":30}},"branchMap":{"0":{"loc":{"start":{"line":12,"column":23},"end":{"line":12,"column":34}},"type":"default-arg","locations":[{"start":{"line":12,"column":30},"end":{"line":12,"column":34}}],"line":12},"1":{"loc":{"start":{"line":18,"column":32},"end":{"line":18,"column":45}},"type":"default-arg","locations":[{"start":{"line":18,"column":39},"end":{"line":18,"column":45}}],"line":18},"2":{"loc":{"start":{"line":18,"column":47},"end":{"line":18,"column":58}},"type":"default-arg","locations":[{"start":{"line":18,"column":56},"end":{"line":18,"column":58}}],"line":18}},"s":{"0":5,"1":21,"2":6,"3":5,"4":2,"5":2},"f":{"0":21,"1":6,"2":5,"3":2,"4":2},"b":{"0":[1],"1":[3],"2":[4]},"_coverageSchema":"332fd63041d2c1bcb487cc26dd0d5f7d97098a6c","hash":"1b9c3b04a2059ff0e7cec7aff1f79d7d8f61d95e"}
,"/Users/furthur/Lectrum/intensives/redux-intensive-boilerplate/source/bus/ui/reducer.js": {"path":"/Users/furthur/Lectrum/intensives/redux-intensive-boilerplate/source/bus/ui/reducer.js","statementMap":{"0":{"start":{"line":7,"column":21},"end":{"line":11,"column":2}},"1":{"start":{"line":13,"column":25},"end":{"line":32,"column":1}},"2":{"start":{"line":14,"column":4},"end":{"line":31,"column":5}},"3":{"start":{"line":16,"column":12},"end":{"line":16,"column":59}},"4":{"start":{"line":19,"column":12},"end":{"line":19,"column":69}},"5":{"start":{"line":22,"column":12},"end":{"line":24,"column":14}},"6":{"start":{"line":23,"column":16},"end":{"line":23,"column":36}},"7":{"start":{"line":27,"column":12},"end":{"line":27,"column":57}},"8":{"start":{"line":30,"column":12},"end":{"line":30,"column":25}}},"fnMap":{"0":{"name":"(anonymous_0)","decl":{"start":{"line":13,"column":25},"end":{"line":13,"column":26}},"loc":{"start":{"line":13,"column":59},"end":{"line":32,"column":1}},"line":13},"1":{"name":"(anonymous_1)","decl":{"start":{"line":22,"column":48},"end":{"line":22,"column":49}},"loc":{"start":{"line":23,"column":16},"end":{"line":23,"column":36}},"line":23}},"branchMap":{"0":{"loc":{"start":{"line":13,"column":26},"end":{"line":13,"column":46}},"type":"default-arg","locations":[{"start":{"line":13,"column":34},"end":{"line":13,"column":46}}],"line":13},"1":{"loc":{"start":{"line":14,"column":4},"end":{"line":31,"column":5}},"type":"switch","locations":[{"start":{"line":15,"column":8},"end":{"line":16,"column":59}},{"start":{"line":18,"column":8},"end":{"line":19,"column":69}},{"start":{"line":21,"column":8},"end":{"line":24,"column":14}},{"start":{"line":26,"column":8},"end":{"line":27,"column":57}},{"start":{"line":29,"column":8},"end":{"line":30,"column":25}}],"line":14}},"s":{"0":2,"1":2,"2":8,"3":1,"4":1,"5":1,"6":1,"7":1,"8":4},"f":{"0":8,"1":1},"b":{"0":[7],"1":[1,1,1,1,4]},"_coverageSchema":"332fd63041d2c1bcb487cc26dd0d5f7d97098a6c","hash":"1375db49e272800e3c329374afb28b9cd8ab9b8a"}
,"/Users/furthur/Lectrum/intensives/redux-intensive-boilerplate/source/bus/ui/types.js": {"path":"/Users/furthur/Lectrum/intensives/redux-intensive-boilerplate/source/bus/ui/types.js","statementMap":{"0":{"start":{"line":2,"column":21},"end":{"line":8,"column":2}}},"fnMap":{},"branchMap":{},"s":{"0":5},"f":{},"b":{},"_coverageSchema":"332fd63041d2c1bcb487cc26dd0d5f7d97098a6c","hash":"44f95ab70b9cfc1a9d9657e38a2903abfe71a57f"}
,"/Users/furthur/Lectrum/intensives/redux-intensive-boilerplate/source/init/store.js": {"path":"/Users/furthur/Lectrum/intensives/redux-intensive-boilerplate/source/init/store.js","statementMap":{"0":{"start":{"line":9,"column":17},"end":{"line":9,"column":60}},"1":{"start":{"line":10,"column":25},"end":{"line":10,"column":65}},"2":{"start":{"line":12,"column":14},"end":{"line":15,"column":1}},"3":{"start":{"line":17,"column":0},"end":{"line":17,"column":29}}},"fnMap":{},"branchMap":{"0":{"loc":{"start":{"line":10,"column":25},"end":{"line":10,"column":65}},"type":"cond-expr","locations":[{"start":{"line":10,"column":47},"end":{"line":10,"column":55}},{"start":{"line":10,"column":58},"end":{"line":10,"column":65}}],"line":10},"1":{"loc":{"start":{"line":10,"column":25},"end":{"line":10,"column":44}},"type":"binary-expr","locations":[{"start":{"line":10,"column":25},"end":{"line":10,"column":32}},{"start":{"line":10,"column":36},"end":{"line":10,"column":44}}],"line":10}},"s":{"0":1,"1":1,"2":1,"3":1},"f":{},"b":{"0":[0,1],"1":[1,1]},"_coverageSchema":"332fd63041d2c1bcb487cc26dd0d5f7d97098a6c","hash":"2c7d8ccd607c4e9922379063a0edeb9c67a080fa"}
}
