TN:
SF:/Users/furthur/Lectrum/intensives/redux-intensive-boilerplate/source/bus/auth/actions.js
FN:5,(anonymous_0)
FN:8,(anonymous_1)
FN:11,(anonymous_2)
FNF:3
FNH:3
FNDA:9,(anonymous_0)
FNDA:6,(anonymous_1)
FNDA:2,(anonymous_2)
DA:4,6
DA:5,9
DA:8,6
DA:11,2
LF:4
LH:4
BRF:0
BRH:0
end_of_record
TN:
SF:/Users/furthur/Lectrum/intensives/redux-intensive-boilerplate/source/bus/auth/reducer.js
FN:12,(anonymous_0)
FNF:1
FNH:1
FNDA:7,(anonymous_0)
DA:7,2
DA:12,2
DA:13,7
DA:15,1
DA:18,1
DA:21,1
DA:24,4
LF:7
LH:7
BRDA:12,0,0,6
BRDA:13,1,0,1
BRDA:13,1,1,1
BRDA:13,1,2,1
BRDA:13,1,3,4
BRF:5
BRH:5
end_of_record
TN:
SF:/Users/furthur/Lectrum/intensives/redux-intensive-boilerplate/source/bus/auth/types.js
FNF:0
FNH:0
DA:2,6
LF:1
LH:1
BRF:0
BRH:0
end_of_record
TN:
SF:/Users/furthur/Lectrum/intensives/redux-intensive-boilerplate/source/bus/auth/saga/asyncActions.js
FN:5,(anonymous_0)
FN:8,(anonymous_1)
FN:12,(anonymous_2)
FN:15,(anonymous_3)
FN:19,(anonymous_4)
FNF:5
FNH:5
FNDA:1,(anonymous_0)
FNDA:2,(anonymous_1)
FNDA:3,(anonymous_2)
FNDA:1,(anonymous_3)
FNDA:1,(anonymous_4)
DA:4,5
DA:5,1
DA:8,2
DA:12,3
DA:15,1
DA:19,1
LF:6
LH:6
BRF:0
BRH:0
end_of_record
TN:
SF:/Users/furthur/Lectrum/intensives/redux-intensive-boilerplate/source/bus/auth/saga/asyncTypes.js
FNF:0
FNH:0
DA:1,5
LF:1
LH:1
BRF:0
BRH:0
end_of_record
TN:
SF:/Users/furthur/Lectrum/intensives/redux-intensive-boilerplate/source/bus/auth/saga/watchers.js
FN:14,watchInitialize
FN:17,watchLogin
FN:20,watchAuthenticate
FN:23,watchSignup
FN:26,watchLogout
FN:30,watchAuth
FNF:6
FNH:6
FNDA:1,watchInitialize
FNDA:1,watchLogin
FNDA:1,watchAuthenticate
FNDA:1,watchSignup
FNDA:1,watchLogout
FNDA:1,watchAuth
DA:15,1
DA:18,1
DA:21,1
DA:24,1
DA:27,1
DA:31,1
LF:6
LH:6
BRF:0
BRH:0
end_of_record
TN:
SF:/Users/furthur/Lectrum/intensives/redux-intensive-boilerplate/source/bus/auth/saga/workers/authenticate.js
FN:11,callAuthenticateWorker
FNF:1
FNH:1
FNDA:3,callAuthenticateWorker
DA:12,3
DA:13,3
DA:15,3
DA:17,3
DA:19,3
DA:20,2
DA:21,1
DA:23,1
DA:25,1
DA:28,1
DA:31,1
DA:34,1
DA:35,1
DA:37,1
DA:39,3
DA:40,3
LF:16
LH:16
BRDA:19,0,0,2
BRDA:19,0,1,1
BRDA:20,1,0,1
BRDA:20,1,1,1
BRF:4
BRH:4
end_of_record
TN:
SF:/Users/furthur/Lectrum/intensives/redux-intensive-boilerplate/source/bus/auth/saga/workers/initialize.js
FN:8,callInitializeWorker
FNF:1
FNH:1
FNDA:2,callInitializeWorker
DA:9,2
DA:12,2
DA:14,2
DA:15,1
DA:17,1
DA:20,1
LF:6
LH:6
BRDA:14,0,0,1
BRDA:14,0,1,1
BRDA:14,1,0,2
BRDA:14,1,1,1
BRF:4
BRH:4
end_of_record
TN:
SF:/Users/furthur/Lectrum/intensives/redux-intensive-boilerplate/source/bus/auth/saga/workers/login.js
FN:11,callLoginWorker
FNF:1
FNH:1
FNDA:2,callLoginWorker
DA:12,2
DA:13,2
DA:15,2
DA:17,2
DA:19,2
DA:20,1
DA:23,1
DA:24,1
DA:27,1
DA:32,1
DA:34,1
DA:37,1
DA:40,1
DA:41,1
DA:42,1
DA:44,1
DA:46,2
LF:17
LH:17
BRDA:19,0,0,1
BRDA:19,0,1,1
BRDA:23,1,0,1
BRDA:23,1,1,0
BRF:4
BRH:3
end_of_record
TN:
SF:/Users/furthur/Lectrum/intensives/redux-intensive-boilerplate/source/bus/auth/saga/workers/logout.js
FN:15,callLogoutWorker
FNF:1
FNH:0
FNDA:0,callLogoutWorker
DA:16,0
DA:17,0
DA:19,0
DA:21,0
DA:22,0
DA:24,0
DA:27,0
DA:29,0
DA:31,0
DA:32,0
DA:33,0
DA:34,0
DA:35,0
DA:36,0
DA:37,0
DA:38,0
LF:16
LH:0
BRDA:21,0,0,0
BRDA:21,0,1,0
BRF:2
BRH:0
end_of_record
TN:
SF:/Users/furthur/Lectrum/intensives/redux-intensive-boilerplate/source/bus/auth/saga/workers/signup.js
FN:11,callSignupWorker
FNF:1
FNH:0
FNDA:0,callSignupWorker
DA:12,0
DA:13,0
DA:15,0
DA:17,0
DA:19,0
DA:20,0
DA:23,0
DA:28,0
DA:29,0
DA:32,0
DA:35,0
DA:36,0
DA:38,0
DA:40,0
LF:14
LH:0
BRDA:19,0,0,0
BRDA:19,0,1,0
BRF:2
BRH:0
end_of_record
TN:
SF:/Users/furthur/Lectrum/intensives/redux-intensive-boilerplate/source/bus/profile/actions.js
FN:5,(anonymous_0)
FN:9,(anonymous_1)
FN:13,(anonymous_2)
FNF:3
FNH:3
FNDA:6,(anonymous_0)
FNDA:2,(anonymous_1)
FNDA:2,(anonymous_2)
DA:4,5
DA:5,6
DA:9,2
DA:13,2
LF:4
LH:4
BRF:0
BRH:0
end_of_record
TN:
SF:/Users/furthur/Lectrum/intensives/redux-intensive-boilerplate/source/bus/profile/reducer.js
FN:14,(anonymous_0)
FNF:1
FNH:1
FNDA:7,(anonymous_0)
DA:7,2
DA:14,2
DA:15,7
DA:17,1
DA:20,1
DA:23,1
DA:26,4
LF:7
LH:7
BRDA:14,0,0,6
BRDA:15,1,0,1
BRDA:15,1,1,1
BRDA:15,1,2,1
BRDA:15,1,3,4
BRF:5
BRH:5
end_of_record
TN:
SF:/Users/furthur/Lectrum/intensives/redux-intensive-boilerplate/source/bus/profile/types.js
FNF:0
FNH:0
DA:2,5
LF:1
LH:1
BRF:0
BRH:0
end_of_record
TN:
SF:/Users/furthur/Lectrum/intensives/redux-intensive-boilerplate/source/bus/profile/saga/asyncActions.js
FN:5,(anonymous_0)
FN:9,(anonymous_1)
FN:13,(anonymous_2)
FNF:3
FNH:3
FNDA:1,(anonymous_0)
FNDA:1,(anonymous_1)
FNDA:1,(anonymous_2)
DA:4,1
DA:5,1
DA:9,1
DA:13,1
LF:4
LH:4
BRF:0
BRH:0
end_of_record
TN:
SF:/Users/furthur/Lectrum/intensives/redux-intensive-boilerplate/source/bus/profile/saga/asyncTypes.js
FNF:0
FNH:0
DA:2,2
LF:1
LH:1
BRF:0
BRH:0
end_of_record
TN:
SF:/Users/furthur/Lectrum/intensives/redux-intensive-boilerplate/source/bus/profile/saga/watchers.js
FN:10,watchUpdateName
FN:13,watchUpdateAvatar
FN:16,watchChangePassword
FN:20,watchProfile
FNF:4
FNH:4
FNDA:1,watchUpdateName
FNDA:1,watchUpdateAvatar
FNDA:1,watchChangePassword
FNDA:1,watchProfile
DA:11,1
DA:14,1
DA:17,1
DA:21,1
LF:4
LH:4
BRF:0
BRH:0
end_of_record
TN:
SF:/Users/furthur/Lectrum/intensives/redux-intensive-boilerplate/source/bus/profile/saga/workers/changePassword.js
FN:9,callChangePasswordWorker
FNF:1
FNH:0
FNDA:0,callChangePasswordWorker
DA:12,0
DA:13,0
DA:15,0
DA:22,0
DA:24,0
DA:25,0
DA:28,0
DA:29,0
DA:31,0
DA:33,0
LF:10
LH:0
BRDA:24,0,0,0
BRDA:24,0,1,0
BRF:2
BRH:0
end_of_record
TN:
SF:/Users/furthur/Lectrum/intensives/redux-intensive-boilerplate/source/bus/profile/saga/workers/updateAvatar.js
FN:11,callUpdateAvatarWorker
FNF:1
FNH:0
FNDA:0,callUpdateAvatarWorker
DA:12,0
DA:13,0
DA:15,0
DA:17,0
DA:19,0
DA:26,0
DA:28,0
DA:29,0
DA:32,0
DA:33,0
DA:34,0
DA:36,0
DA:38,0
LF:13
LH:0
BRDA:28,0,0,0
BRDA:28,0,1,0
BRF:2
BRH:0
end_of_record
TN:
SF:/Users/furthur/Lectrum/intensives/redux-intensive-boilerplate/source/bus/profile/saga/workers/updateName.js
FN:9,callUpdateNameWorker
FNF:1
FNH:0
FNDA:0,callUpdateNameWorker
DA:10,0
DA:11,0
DA:13,0
DA:20,0
DA:25,0
DA:26,0
DA:29,0
DA:31,0
DA:33,0
LF:9
LH:0
BRDA:25,0,0,0
BRDA:25,0,1,0
BRF:2
BRH:0
end_of_record
TN:
SF:/Users/furthur/Lectrum/intensives/redux-intensive-boilerplate/source/bus/ui/actions.js
FN:8,(anonymous_0)
FN:12,(anonymous_1)
FN:18,(anonymous_2)
FN:27,(anonymous_3)
FN:30,(anonymous_4)
FNF:5
FNH:5
FNDA:21,(anonymous_0)
FNDA:6,(anonymous_1)
FNDA:5,(anonymous_2)
FNDA:2,(anonymous_3)
FNDA:2,(anonymous_4)
DA:7,5
DA:8,21
DA:12,6
DA:18,5
DA:27,2
DA:30,2
LF:6
LH:6
BRDA:12,0,0,1
BRDA:18,1,0,3
BRDA:18,2,0,4
BRF:3
BRH:3
end_of_record
TN:
SF:/Users/furthur/Lectrum/intensives/redux-intensive-boilerplate/source/bus/ui/reducer.js
FN:13,(anonymous_0)
FN:22,(anonymous_1)
FNF:2
FNH:2
FNDA:8,(anonymous_0)
FNDA:1,(anonymous_1)
DA:7,2
DA:13,2
DA:14,8
DA:16,1
DA:19,1
DA:22,1
DA:23,1
DA:27,1
DA:30,4
LF:9
LH:9
BRDA:13,0,0,7
BRDA:14,1,0,1
BRDA:14,1,1,1
BRDA:14,1,2,1
BRDA:14,1,3,1
BRDA:14,1,4,4
BRF:6
BRH:6
end_of_record
TN:
SF:/Users/furthur/Lectrum/intensives/redux-intensive-boilerplate/source/bus/ui/types.js
FNF:0
FNH:0
DA:2,5
LF:1
LH:1
BRF:0
BRH:0
end_of_record
TN:
SF:/Users/furthur/Lectrum/intensives/redux-intensive-boilerplate/source/init/store.js
FNF:0
FNH:0
DA:9,1
DA:10,1
DA:12,1
DA:17,1
LF:4
LH:4
BRDA:10,0,0,0
BRDA:10,0,1,1
BRDA:10,1,0,1
BRDA:10,1,1,1
BRF:4
BRH:3
end_of_record
